2020-08-05 08:54:05 [127.0.0.1][-][-][error][yii\base\InvalidConfigException] yii\base\InvalidConfigException: yii\web\Request::cookieValidationKey must be configured with a secret key. in G:\OSPanel\domains\jadval_ajax\_protected\vendor\yiisoft\yii2\web\Request.php:1678
Stack trace:
#0 G:\OSPanel\domains\jadval_ajax\_protected\vendor\yiisoft\yii2\web\Request.php(1660): yii\web\Request->loadCookies()
#1 G:\OSPanel\domains\jadval_ajax\_protected\vendor\yiisoft\yii2\web\User.php(588): yii\web\Request->getCookies()
#2 G:\OSPanel\domains\jadval_ajax\_protected\vendor\yiisoft\yii2\web\User.php(316): yii\web\User->getIdentityAndDurationFromCookie()
#3 G:\OSPanel\domains\jadval_ajax\_protected\vendor\yiisoft\yii2\web\User.php(709): yii\web\User->loginByCookie()
#4 G:\OSPanel\domains\jadval_ajax\_protected\vendor\yiisoft\yii2\web\User.php(194): yii\web\User->renewAuthStatus()
#5 G:\OSPanel\domains\jadval_ajax\_protected\vendor\yiisoft\yii2\web\User.php(362): yii\web\User->getIdentity()
#6 G:\OSPanel\domains\jadval_ajax\_protected\vendor\yiisoft\yii2\base\Component.php(139): yii\web\User->getIsGuest()
#7 G:\OSPanel\domains\jadval_ajax\_protected\vendor\yiisoft\yii2-debug\src\panels\UserPanel.php(83): yii\base\Component->__get('isGuest')
#8 G:\OSPanel\domains\jadval_ajax\_protected\vendor\yiisoft\yii2\base\BaseObject.php(109): yii\debug\panels\UserPanel->init()
#9 [internal function]: yii\base\BaseObject->__construct(Array)
#10 G:\OSPanel\domains\jadval_ajax\_protected\vendor\yiisoft\yii2\di\Container.php(400): ReflectionClass->newInstanceArgs(Array)
#11 G:\OSPanel\domains\jadval_ajax\_protected\vendor\yiisoft\yii2\di\Container.php(159): yii\di\Container->build('yii\\debug\\panel...', Array, Array)
#12 G:\OSPanel\domains\jadval_ajax\_protected\vendor\yiisoft\yii2\BaseYii.php(365): yii\di\Container->get('yii\\debug\\panel...', Array, Array)
#13 G:\OSPanel\domains\jadval_ajax\_protected\vendor\yiisoft\yii2-debug\src\Module.php(247): yii\BaseYii::createObject(Array)
#14 G:\OSPanel\domains\jadval_ajax\_protected\vendor\yiisoft\yii2-debug\src\Module.php(218): yii\debug\Module->initPanels()
#15 G:\OSPanel\domains\jadval_ajax\_protected\vendor\yiisoft\yii2\base\BaseObject.php(109): yii\debug\Module->init()
#16 G:\OSPanel\domains\jadval_ajax\_protected\vendor\yiisoft\yii2\base\Module.php(158): yii\base\BaseObject->__construct(Array)
#17 [internal function]: yii\base\Module->__construct('debug', Object(yii\web\Application), Array)
#18 G:\OSPanel\domains\jadval_ajax\_protected\vendor\yiisoft\yii2\di\Container.php(392): ReflectionClass->newInstanceArgs(Array)
#19 G:\OSPanel\domains\jadval_ajax\_protected\vendor\yiisoft\yii2\di\Container.php(159): yii\di\Container->build('yii\\debug\\Modul...', Array, Array)
#20 G:\OSPanel\domains\jadval_ajax\_protected\vendor\yiisoft\yii2\BaseYii.php(365): yii\di\Container->get('yii\\debug\\Modul...', Array, Array)
#21 G:\OSPanel\domains\jadval_ajax\_protected\vendor\yiisoft\yii2\base\Module.php(427): yii\BaseYii::createObject(Array, Array)
#22 G:\OSPanel\domains\jadval_ajax\_protected\vendor\yiisoft\yii2\base\Application.php(315): yii\base\Module->getModule('debug')
#23 G:\OSPanel\domains\jadval_ajax\_protected\vendor\yiisoft\yii2\web\Application.php(69): yii\base\Application->bootstrap()
#24 G:\OSPanel\domains\jadval_ajax\_protected\vendor\yiisoft\yii2\base\Application.php(273): yii\web\Application->bootstrap()
#25 G:\OSPanel\domains\jadval_ajax\_protected\vendor\yiisoft\yii2\base\BaseObject.php(109): yii\base\Application->init()
#26 G:\OSPanel\domains\jadval_ajax\_protected\vendor\yiisoft\yii2\base\Application.php(206): yii\base\BaseObject->__construct(Array)
#27 G:\OSPanel\domains\jadval_ajax\index.php(12): yii\base\Application->__construct(Array)
#28 {main}
2020-08-05 08:54:05 [127.0.0.1][-][-][info][application] $_GET = []

$_POST = []

$_FILES = []

$_COOKIE = []

$_SERVER = [
    'HTTP_HOST' => 'jadvalajax.loc'
    'HTTP_CONNECTION' => 'keep-alive'
    'HTTP_UPGRADE_INSECURE_REQUESTS' => '1'
    'HTTP_USER_AGENT' => 'Mozilla/5.0 (Windows NT 10.0; Win64; x64) AppleWebKit/537.36 (KHTML, like Gecko) Chrome/84.0.4147.105 Safari/537.36'
    'HTTP_ACCEPT' => 'text/html,application/xhtml+xml,application/xml;q=0.9,image/webp,image/apng,*/*;q=0.8,application/signed-exchange;v=b3;q=0.9'
    'HTTP_ACCEPT_ENCODING' => 'gzip, deflate'
    'HTTP_ACCEPT_LANGUAGE' => 'ru-RU,ru;q=0.9,en-US;q=0.8,en;q=0.7,la;q=0.6'
    'PATH' => 'g:\\ospanel\\modules\\php\\PHP_7.2-x64\\ext;g:\\ospanel\\modules\\php\\PHP_7.2-x64\\pear;g:\\ospanel\\modules\\php\\PHP_7.2-x64\\pear\\bin;g:\\ospanel\\modules\\php\\PHP_7.2-x64;g:\\ospanel\\modules\\wget\\bin;g:\\ospanel\\modules\\database\\MariaDB-10.3-x64\\bin;g:\\ospanel\\modules\\http\\Apache_2.4-PHP_7.2-7.3-x64\\bin;g:\\ospanel\\modules\\http\\Apache_2.4-PHP_7.2-7.3-x64;C:\\Windows\\system32;C:\\Windows;C:\\Windows\\system32\\Wbem;C:\\Windows\\SysWOW64'
    'SystemRoot' => 'C:\\Windows'
    'COMSPEC' => 'C:\\Windows\\system32\\cmd.exe'
    'PATHEXT' => '.COM;.EXE;.BAT;.CMD;.VBS;.VBE;.JS;.JSE;.WSF;.WSH;.MSC'
    'WINDIR' => 'C:\\Windows'
    'SERVER_SIGNATURE' => ''
    'SERVER_SOFTWARE' => 'Apache'
    'SERVER_NAME' => 'jadvalajax.loc'
    'SERVER_ADDR' => '127.0.0.1'
    'SERVER_PORT' => '80'
    'REMOTE_ADDR' => '127.0.0.1'
    'DOCUMENT_ROOT' => 'G:/OSPanel/domains/jadval_ajax'
    'REQUEST_SCHEME' => 'http'
    'CONTEXT_PREFIX' => ''
    'CONTEXT_DOCUMENT_ROOT' => 'G:/OSPanel/domains/jadval_ajax'
    'SERVER_ADMIN' => '[no address given]'
    'SCRIPT_FILENAME' => 'G:/OSPanel/domains/jadval_ajax/index.php'
    'REMOTE_PORT' => '53881'
    'GATEWAY_INTERFACE' => 'CGI/1.1'
    'SERVER_PROTOCOL' => 'HTTP/1.1'
    'REQUEST_METHOD' => 'GET'
    'QUERY_STRING' => ''
    'REQUEST_URI' => '/'
    'SCRIPT_NAME' => '/index.php'
    'PHP_SELF' => '/index.php'
    'REQUEST_TIME_FLOAT' => 1596606845.285
    'REQUEST_TIME' => 1596606845
    'argv' => []
    'argc' => 0
]
2020-08-05 08:57:06 [127.0.0.1][-][dpsdnopllg4jjbocji1j29cbkvqr7cfm][error][yii\web\HttpException:404] yii\base\InvalidRouteException: Unable to resolve the request: problem/table in G:\OSPanel\domains\jadval_ajax\_protected\vendor\yiisoft\yii2\base\Controller.php:151
Stack trace:
#0 G:\OSPanel\domains\jadval_ajax\_protected\vendor\yiisoft\yii2\base\Module.php(528): yii\base\Controller->runAction('table', Array)
#1 G:\OSPanel\domains\jadval_ajax\_protected\vendor\yiisoft\yii2\web\Application.php(103): yii\base\Module->runAction('problem/table', Array)
#2 G:\OSPanel\domains\jadval_ajax\_protected\vendor\yiisoft\yii2\base\Application.php(386): yii\web\Application->handleRequest(Object(yii\web\Request))
#3 G:\OSPanel\domains\jadval_ajax\index.php(12): yii\base\Application->run()
#4 {main}

Next yii\web\NotFoundHttpException: Page not found. in G:\OSPanel\domains\jadval_ajax\_protected\vendor\yiisoft\yii2\web\Application.php:115
Stack trace:
#0 G:\OSPanel\domains\jadval_ajax\_protected\vendor\yiisoft\yii2\base\Application.php(386): yii\web\Application->handleRequest(Object(yii\web\Request))
#1 G:\OSPanel\domains\jadval_ajax\index.php(12): yii\base\Application->run()
#2 {main}
2020-08-05 08:57:06 [127.0.0.1][-][dpsdnopllg4jjbocji1j29cbkvqr7cfm][info][application] $_GET = []

$_POST = []

$_FILES = []

$_COOKIE = [
    'PHPSESSID' => 'dpsdnopllg4jjbocji1j29cbkvqr7cfm'
    '_csrf' => '29a2b8eee2ce14a09cfcf0f83b64d92825be35ad9a9376c5797c550223328e95a:2:{i:0;s:5:\"_csrf\";i:1;s:32:\"JtC1hmeIWTxTk95lsK87_eaagPXWdXpD\";}'
]

$_SESSION = [
    '__flash' => []
]

$_SERVER = [
    'REDIRECT_STATUS' => '200'
    'HTTP_HOST' => 'jadvalajax.loc'
    'HTTP_CONNECTION' => 'keep-alive'
    'HTTP_UPGRADE_INSECURE_REQUESTS' => '1'
    'HTTP_USER_AGENT' => 'Mozilla/5.0 (Windows NT 10.0; Win64; x64) AppleWebKit/537.36 (KHTML, like Gecko) Chrome/84.0.4147.105 Safari/537.36'
    'HTTP_ACCEPT' => 'text/html,application/xhtml+xml,application/xml;q=0.9,image/webp,image/apng,*/*;q=0.8,application/signed-exchange;v=b3;q=0.9'
    'HTTP_REFERER' => 'http://jadvalajax.loc/problem/index'
    'HTTP_ACCEPT_ENCODING' => 'gzip, deflate'
    'HTTP_ACCEPT_LANGUAGE' => 'ru-RU,ru;q=0.9,en-US;q=0.8,en;q=0.7,la;q=0.6'
    'HTTP_COOKIE' => 'PHPSESSID=dpsdnopllg4jjbocji1j29cbkvqr7cfm; _csrf=29a2b8eee2ce14a09cfcf0f83b64d92825be35ad9a9376c5797c550223328e95a%3A2%3A%7Bi%3A0%3Bs%3A5%3A%22_csrf%22%3Bi%3A1%3Bs%3A32%3A%22JtC1hmeIWTxTk95lsK87_eaagPXWdXpD%22%3B%7D'
    'PATH' => 'g:\\ospanel\\modules\\php\\PHP_7.2-x64\\ext;g:\\ospanel\\modules\\php\\PHP_7.2-x64\\pear;g:\\ospanel\\modules\\php\\PHP_7.2-x64\\pear\\bin;g:\\ospanel\\modules\\php\\PHP_7.2-x64;g:\\ospanel\\modules\\wget\\bin;g:\\ospanel\\modules\\database\\MariaDB-10.3-x64\\bin;g:\\ospanel\\modules\\http\\Apache_2.4-PHP_7.2-7.3-x64\\bin;g:\\ospanel\\modules\\http\\Apache_2.4-PHP_7.2-7.3-x64;C:\\Windows\\system32;C:\\Windows;C:\\Windows\\system32\\Wbem;C:\\Windows\\SysWOW64'
    'SystemRoot' => 'C:\\Windows'
    'COMSPEC' => 'C:\\Windows\\system32\\cmd.exe'
    'PATHEXT' => '.COM;.EXE;.BAT;.CMD;.VBS;.VBE;.JS;.JSE;.WSF;.WSH;.MSC'
    'WINDIR' => 'C:\\Windows'
    'SERVER_SIGNATURE' => ''
    'SERVER_SOFTWARE' => 'Apache'
    'SERVER_NAME' => 'jadvalajax.loc'
    'SERVER_ADDR' => '127.0.0.1'
    'SERVER_PORT' => '80'
    'REMOTE_ADDR' => '127.0.0.1'
    'DOCUMENT_ROOT' => 'G:/OSPanel/domains/jadval_ajax'
    'REQUEST_SCHEME' => 'http'
    'CONTEXT_PREFIX' => ''
    'CONTEXT_DOCUMENT_ROOT' => 'G:/OSPanel/domains/jadval_ajax'
    'SERVER_ADMIN' => '[no address given]'
    'SCRIPT_FILENAME' => 'G:/OSPanel/domains/jadval_ajax/index.php'
    'REMOTE_PORT' => '53890'
    'REDIRECT_URL' => '/problem/table'
    'GATEWAY_INTERFACE' => 'CGI/1.1'
    'SERVER_PROTOCOL' => 'HTTP/1.1'
    'REQUEST_METHOD' => 'GET'
    'QUERY_STRING' => ''
    'REQUEST_URI' => '/problem/table'
    'SCRIPT_NAME' => '/index.php'
    'PHP_SELF' => '/index.php'
    'REQUEST_TIME_FLOAT' => 1596607026.558
    'REQUEST_TIME' => 1596607026
    'argv' => []
    'argc' => 0
]
2020-08-05 08:58:37 [127.0.0.1][-][dpsdnopllg4jjbocji1j29cbkvqr7cfm][error][yii\web\HttpException:404] yii\base\InvalidRouteException: Unable to resolve the request: problem/table in G:\OSPanel\domains\jadval_ajax\_protected\vendor\yiisoft\yii2\base\Controller.php:151
Stack trace:
#0 G:\OSPanel\domains\jadval_ajax\_protected\vendor\yiisoft\yii2\base\Module.php(528): yii\base\Controller->runAction('table', Array)
#1 G:\OSPanel\domains\jadval_ajax\_protected\vendor\yiisoft\yii2\web\Application.php(103): yii\base\Module->runAction('problem/table', Array)
#2 G:\OSPanel\domains\jadval_ajax\_protected\vendor\yiisoft\yii2\base\Application.php(386): yii\web\Application->handleRequest(Object(yii\web\Request))
#3 G:\OSPanel\domains\jadval_ajax\index.php(12): yii\base\Application->run()
#4 {main}

Next yii\web\NotFoundHttpException: Page not found. in G:\OSPanel\domains\jadval_ajax\_protected\vendor\yiisoft\yii2\web\Application.php:115
Stack trace:
#0 G:\OSPanel\domains\jadval_ajax\_protected\vendor\yiisoft\yii2\base\Application.php(386): yii\web\Application->handleRequest(Object(yii\web\Request))
#1 G:\OSPanel\domains\jadval_ajax\index.php(12): yii\base\Application->run()
#2 {main}
2020-08-05 08:58:37 [127.0.0.1][-][dpsdnopllg4jjbocji1j29cbkvqr7cfm][info][application] $_GET = []

$_POST = []

$_FILES = []

$_COOKIE = [
    'PHPSESSID' => 'dpsdnopllg4jjbocji1j29cbkvqr7cfm'
    '_csrf' => '29a2b8eee2ce14a09cfcf0f83b64d92825be35ad9a9376c5797c550223328e95a:2:{i:0;s:5:\"_csrf\";i:1;s:32:\"JtC1hmeIWTxTk95lsK87_eaagPXWdXpD\";}'
]

$_SESSION = [
    '__flash' => []
]

$_SERVER = [
    'REDIRECT_STATUS' => '200'
    'HTTP_HOST' => 'jadvalajax.loc'
    'HTTP_CONNECTION' => 'keep-alive'
    'HTTP_UPGRADE_INSECURE_REQUESTS' => '1'
    'HTTP_USER_AGENT' => 'Mozilla/5.0 (Windows NT 10.0; Win64; x64) AppleWebKit/537.36 (KHTML, like Gecko) Chrome/84.0.4147.105 Safari/537.36'
    'HTTP_ACCEPT' => 'text/html,application/xhtml+xml,application/xml;q=0.9,image/webp,image/apng,*/*;q=0.8,application/signed-exchange;v=b3;q=0.9'
    'HTTP_REFERER' => 'http://jadvalajax.loc/problem/table'
    'HTTP_ACCEPT_ENCODING' => 'gzip, deflate'
    'HTTP_ACCEPT_LANGUAGE' => 'ru-RU,ru;q=0.9,en-US;q=0.8,en;q=0.7,la;q=0.6'
    'HTTP_COOKIE' => 'PHPSESSID=dpsdnopllg4jjbocji1j29cbkvqr7cfm; _csrf=29a2b8eee2ce14a09cfcf0f83b64d92825be35ad9a9376c5797c550223328e95a%3A2%3A%7Bi%3A0%3Bs%3A5%3A%22_csrf%22%3Bi%3A1%3Bs%3A32%3A%22JtC1hmeIWTxTk95lsK87_eaagPXWdXpD%22%3B%7D'
    'PATH' => 'g:\\ospanel\\modules\\php\\PHP_7.2-x64\\ext;g:\\ospanel\\modules\\php\\PHP_7.2-x64\\pear;g:\\ospanel\\modules\\php\\PHP_7.2-x64\\pear\\bin;g:\\ospanel\\modules\\php\\PHP_7.2-x64;g:\\ospanel\\modules\\wget\\bin;g:\\ospanel\\modules\\database\\MariaDB-10.3-x64\\bin;g:\\ospanel\\modules\\http\\Apache_2.4-PHP_7.2-7.3-x64\\bin;g:\\ospanel\\modules\\http\\Apache_2.4-PHP_7.2-7.3-x64;C:\\Windows\\system32;C:\\Windows;C:\\Windows\\system32\\Wbem;C:\\Windows\\SysWOW64'
    'SystemRoot' => 'C:\\Windows'
    'COMSPEC' => 'C:\\Windows\\system32\\cmd.exe'
    'PATHEXT' => '.COM;.EXE;.BAT;.CMD;.VBS;.VBE;.JS;.JSE;.WSF;.WSH;.MSC'
    'WINDIR' => 'C:\\Windows'
    'SERVER_SIGNATURE' => ''
    'SERVER_SOFTWARE' => 'Apache'
    'SERVER_NAME' => 'jadvalajax.loc'
    'SERVER_ADDR' => '127.0.0.1'
    'SERVER_PORT' => '80'
    'REMOTE_ADDR' => '127.0.0.1'
    'DOCUMENT_ROOT' => 'G:/OSPanel/domains/jadval_ajax'
    'REQUEST_SCHEME' => 'http'
    'CONTEXT_PREFIX' => ''
    'CONTEXT_DOCUMENT_ROOT' => 'G:/OSPanel/domains/jadval_ajax'
    'SERVER_ADMIN' => '[no address given]'
    'SCRIPT_FILENAME' => 'G:/OSPanel/domains/jadval_ajax/index.php'
    'REMOTE_PORT' => '53890'
    'REDIRECT_URL' => '/problem/table'
    'GATEWAY_INTERFACE' => 'CGI/1.1'
    'SERVER_PROTOCOL' => 'HTTP/1.1'
    'REQUEST_METHOD' => 'GET'
    'QUERY_STRING' => ''
    'REQUEST_URI' => '/problem/table'
    'SCRIPT_NAME' => '/index.php'
    'PHP_SELF' => '/index.php'
    'REQUEST_TIME_FLOAT' => 1596607117.746
    'REQUEST_TIME' => 1596607117
    'argv' => []
    'argc' => 0
]
